  [4;36;1mSQL (1.4ms)[0m   [0;1mSET SQL_AUTO_IS_NULL=0[0m
  [4;35;1mSQL (1.8ms)[0m   [0mSHOW TABLES[0m
  [4;36;1mSQL (171.5ms)[0m   [0;1mCREATE TABLE `schema_migrations` (`version` varchar(255) NOT NULL) ENGINE=InnoDB[0m
  [4;35;1mSQL (311.4ms)[0m   [0mCREATE UNIQUE INDEX `unique_schema_migrations` ON `schema_migrations` (`version`)[0m
  [4;36;1mSQL (2.9ms)[0m   [0;1mSHOW TABLES[0m
  [4;35;1mSQL (3.8ms)[0m   [0mSELECT version FROM schema_migrations[0m
Migrating to CreateHosts (20101116201635)
  [4;36;1mSQL (200.0ms)[0m   [0;1mCREATE TABLE `hosts` (`id` int(11) DEFAULT NULL auto_increment PRIMARY KEY, `ip` varchar(255), `created_at` datetime, `updated_at` datetime) ENGINE=InnoDB[0m
  [4;35;1mSQL (39.1ms)[0m   [0mINSERT INTO schema_migrations (version) VALUES ('20101116201635')[0m
Migrating to CreateUsageEntries (20101116201752)
  [4;36;1mSQL (163.6ms)[0m   [0;1mCREATE TABLE `usage_entries` (`id` int(11) DEFAULT NULL auto_increment PRIMARY KEY, `in` decimal, `out` decimal, `date` date, `created_at` datetime, `updated_at` datetime) ENGINE=InnoDB[0m
  [4;35;1mSQL (28.9ms)[0m   [0mINSERT INTO schema_migrations (version) VALUES ('20101116201752')[0m
  [4;36;1mSQL (2.0ms)[0m   [0;1mSHOW TABLES[0m
  [4;35;1mSQL (2.1ms)[0m   [0mSELECT version FROM schema_migrations[0m
  [4;36;1mSQL (2.4ms)[0m   [0;1mSHOW TABLES[0m
  [4;35;1mSQL (3.5ms)[0m   [0mSHOW FIELDS FROM `hosts`[0m
  [4;36;1mSQL (3.3ms)[0m   [0;1mdescribe `hosts`[0m
  [4;35;1mSQL (3.4ms)[0m   [0mSHOW KEYS FROM `hosts`[0m
  [4;36;1mSQL (5.1ms)[0m   [0;1mSHOW FIELDS FROM `usage_entries`[0m
  [4;35;1mSQL (2.9ms)[0m   [0mdescribe `usage_entries`[0m
  [4;36;1mSQL (3.1ms)[0m   [0;1mSHOW KEYS FROM `usage_entries`[0m
  [4;36;1mSQL (2.1ms)[0m   [0;1mSET SQL_AUTO_IS_NULL=0[0m


Processing HostsController#index (for 127.0.0.1 at 2010-11-16 21:25:17) [GET]
  [4;35;1mHost Load (2.3ms)[0m   [0mSELECT * FROM `hosts` [0m
Rendering template within layouts/hosts
Rendering hosts/index
Completed in 53ms (View: 35, DB: 4) | 200 OK [http://localhost/]
  [4;36;1mSQL (1.4ms)[0m   [0;1mSET SQL_AUTO_IS_NULL=0[0m


Processing HostsController#index (for 127.0.0.1 at 2010-11-16 21:25:19) [GET]
  [4;35;1mHost Load (1.6ms)[0m   [0mSELECT * FROM `hosts` [0m
Rendering template within layouts/hosts
Rendering hosts/index
Completed in 10ms (View: 2, DB: 3) | 200 OK [http://localhost/]
  [4;36;1mSQL (0.9ms)[0m   [0;1mSET SQL_AUTO_IS_NULL=0[0m


Processing HostsController#index (for 127.0.0.1 at 2010-11-16 21:25:53) [GET]
  [4;35;1mHost Load (1.6ms)[0m   [0mSELECT * FROM `hosts` [0m
Rendering template within layouts/hosts
Rendering hosts/index
Completed in 14ms (View: 6, DB: 2) | 200 OK [http://localhost/]
